<?xml version="1.0" encoding="UTF-8"?>
<testsuite name="TeslaTests" tests="5" skipped="0" failures="0" errors="0" timestamp="2017-03-10T21:20:10" hostname="gridNote" time="0.0">
  <properties/>
  <testcase name="teslaConstructor" classname="TeslaTests" time="0.0"/>
  <testcase name="teslaGetRange" classname="TeslaTests" time="0.0"/>
  <testcase name="teslaExists" classname="TeslaTests" time="0.0"/>
  <testcase name="teslaImplements" classname="TeslaTests" time="0.0"/>
  <testcase name="teslaGetHorsepower" classname="TeslaTests" time="0.0"/>
  <system-out><![CDATA[]]></system-out>
  <system-err><![CDATA[]]></system-err>
</testsuite>
